<?xml version="1.0" encoding="UTF-8"?>
<!-- Generated by org.testng.reporters.JUnitXMLReporter -->
<testsuite ignored="3" hostname="ramteja" failures="0" tests="1" name="Default test" time="4.873" errors="0" timestamp="2023-01-19T16:00:38 IST">
  <testcase classname="rest1.Rest" name="createuser" time="4.774"/>
  <testcase classname="rest1.Rest" name="getresource" time="0.0">
    <ignored/>
  </testcase> <!-- getresource -->
  <testcase classname="rest1.Rest" name="singleuser" time="0.0">
    <ignored/>
  </testcase> <!-- singleuser -->
  <testcase classname="rest1.Rest" name="f" time="0.0">
    <ignored/>
  </testcase> <!-- f -->
</testsuite> <!-- Default test -->
