<?xml version="1.0" encoding="UTF-8"?>
<!-- Generated by org.testng.reporters.JUnitXMLReporter -->
<testsuite ignored="5" hostname="ramteja" failures="0" tests="1" name="Default test" time="7.284" errors="0" timestamp="2023-02-23T15:41:53 IST">
  <testcase classname="rest1.Rest" name="createuser" time="7.139"/>
  <testcase classname="rest1.Rest" name="getresource" time="0.0">
    <ignored/>
  </testcase> <!-- getresource -->
  <testcase classname="rest1.Rest" name="deleteresource" time="0.0">
    <ignored/>
  </testcase> <!-- deleteresource -->
  <testcase classname="rest1.Rest" name="updateresource" time="0.0">
    <ignored/>
  </testcase> <!-- updateresource -->
  <testcase classname="rest1.Rest" name="singleuser" time="0.0">
    <ignored/>
  </testcase> <!-- singleuser -->
  <testcase classname="rest1.Rest" name="f" time="0.0">
    <ignored/>
  </testcase> <!-- f -->
</testsuite> <!-- Default test -->
