<?xml version="1.0" encoding="UTF-8"?>
<!-- Generated by org.testng.reporters.JUnitXMLReporter -->
<testsuite ignored="0" hostname="ramteja" failures="1" tests="1" name="Default test" time="0.144" errors="0" timestamp="2023-01-29T23:04:46 IST">
  <testcase classname="Learning.NewTest" name="f" time="0.03">
    <failure type="java.lang.Error" message="Unresolved compilation problems: 
	Syntax error on token &amp;quot;import&amp;quot;, yield expected
	java.awt.AWTException cannot be resolved to a variable
	Syntax error on token &amp;quot;import&amp;quot;, assert expected
	java.awt.Robot cannot be resolved to a variable
	Syntax error on token &amp;quot;import&amp;quot;, assert expected
	java.util.Set cannot be resolved to a variable
	Syntax error on token &amp;quot;import&amp;quot;, assert expected
	java.util.concurrent.TimeUnit cannot be resolved to a variable
	Syntax error on token &amp;quot;import&amp;quot;, assert expected
	javax.swing.event.MenuKeyEvent cannot be resolved to a variable
	Syntax error on token &amp;quot;import&amp;quot;, assert expected
	org.openqa.selenium.Alert cannot be resolved to a variable
	Syntax error on token &amp;quot;import&amp;quot;, assert expected
	org.openqa.selenium.By cannot be resolved to a variable
	Syntax error on token &amp;quot;import&amp;quot;, assert expected
	org.openqa.selenium.JavascriptExecutor cannot be resolved to a variable
	Syntax error on token &amp;quot;import&amp;quot;, assert expected
	org.openqa.selenium.WebDriver cannot be resolved to a variable
	Syntax error on token &amp;quot;import&amp;quot;, assert expected
	org.openqa.selenium.WebElement cannot be resolved to a variable
	Syntax error on token &amp;quot;import&amp;quot;, assert expected
	org.openqa.selenium.chrome.ChromeDriver cannot be resolved to a variable
	Syntax error on token &amp;quot;import&amp;quot;, assert expected
	org.openqa.selenium.interactions.Actions cannot be resolved to a variable
	Syntax error on token &amp;quot;import&amp;quot;, assert expected
	org.testng.Assert cannot be resolved to a variable
	Syntax error on token &amp;quot;import&amp;quot;, assert expected
	org.testng.annotations.BeforeTest cannot be resolved to a variable
	Syntax error on token &amp;quot;import&amp;quot;, assert expected
	org.testng.annotations.Test cannot be resolved to a variable
	Syntax error on token &amp;quot;import&amp;quot;, assert expected
	io.github.bonigarcia.wdm.WebDriverManager cannot be resolved to a variable
	The nested type NewTest cannot hide an enclosing type
	Illegal modifier for the local class NewTest; only abstract or final is permitted
	Set cannot be resolved to a type
">
      <![CDATA[java.lang.Error: Unresolved compilation problems: 
Syntax error on token "import", yield expected
java.awt.AWTException cannot be resolved to a variable
Syntax error on token "import", assert expected
java.awt.Robot cannot be resolved to a variable
Syntax error on token "import", assert expected
java.util.Set cannot be resolved to a variable
Syntax error on token "import", assert expected
java.util.concurrent.TimeUnit cannot be resolved to a variable
Syntax error on token "import", assert expected
javax.swing.event.MenuKeyEvent cannot be resolved to a variable
Syntax error on token "import", assert expected
org.openqa.selenium.Alert cannot be resolved to a variable
Syntax error on token "import", assert expected
org.openqa.selenium.By cannot be resolved to a variable
Syntax error on token "import", assert expected
org.openqa.selenium.JavascriptExecutor cannot be resolved to a variable
Syntax error on token "import", assert expected
org.openqa.selenium.WebDriver cannot be resolved to a variable
Syntax error on token "import", assert expected
org.openqa.selenium.WebElement cannot be resolved to a variable
Syntax error on token "import", assert expected
org.openqa.selenium.chrome.ChromeDriver cannot be resolved to a variable
Syntax error on token "import", assert expected
org.openqa.selenium.interactions.Actions cannot be resolved to a variable
Syntax error on token "import", assert expected
org.testng.Assert cannot be resolved to a variable
Syntax error on token "import", assert expected
org.testng.annotations.BeforeTest cannot be resolved to a variable
Syntax error on token "import", assert expected
org.testng.annotations.Test cannot be resolved to a variable
Syntax error on token "import", assert expected
io.github.bonigarcia.wdm.WebDriverManager cannot be resolved to a variable
The nested type NewTest cannot hide an enclosing type
Illegal modifier for the local class NewTest; only abstract or final is permitted
Set cannot be resolved to a type

at Learning.NewTest.f(NewTest.java:27)
at java.base/jdk.internal.reflect.NativeMethodAccessorImpl.invoke0(Native Method)
at java.base/jdk.internal.reflect.NativeMethodAccessorImpl.invoke(NativeMethodAccessorImpl.java:77)
at java.base/jdk.internal.reflect.DelegatingMethodAccessorImpl.invoke(DelegatingMethodAccessorImpl.java:43)
at java.base/java.lang.reflect.Method.invoke(Method.java:568)
at org.testng.internal.MethodInvocationHelper.invokeMethod(MethodInvocationHelper.java:134)
at org.testng.internal.TestInvoker.invokeMethod(TestInvoker.java:597)
at org.testng.internal.TestInvoker.invokeTestMethod(TestInvoker.java:173)
at org.testng.internal.MethodRunner.runInSequence(MethodRunner.java:46)
at org.testng.internal.TestInvoker$MethodInvocationAgent.invoke(TestInvoker.java:816)
at org.testng.internal.TestInvoker.invokeTestMethods(TestInvoker.java:146)
at org.testng.internal.TestMethodWorker.invokeTestMethods(TestMethodWorker.java:146)
at org.testng.internal.TestMethodWorker.run(TestMethodWorker.java:128)
at java.base/java.util.ArrayList.forEach(ArrayList.java:1511)
at org.testng.TestRunner.privateRun(TestRunner.java:766)
at org.testng.TestRunner.run(TestRunner.java:587)
at org.testng.SuiteRunner.runTest(SuiteRunner.java:384)
at org.testng.SuiteRunner.runSequentially(SuiteRunner.java:378)
at org.testng.SuiteRunner.privateRun(SuiteRunner.java:337)
at org.testng.SuiteRunner.run(SuiteRunner.java:286)
at org.testng.SuiteRunnerWorker.runSuite(SuiteRunnerWorker.java:53)
at org.testng.SuiteRunnerWorker.run(SuiteRunnerWorker.java:96)
at org.testng.TestNG.runSuitesSequentially(TestNG.java:1187)
at org.testng.TestNG.runSuitesLocally(TestNG.java:1109)
at org.testng.TestNG.runSuites(TestNG.java:1039)
at org.testng.TestNG.run(TestNG.java:1007)
at org.testng.remote.AbstractRemoteTestNG.run(AbstractRemoteTestNG.java:115)
at org.testng.remote.RemoteTestNG.initAndRun(RemoteTestNG.java:251)
at org.testng.remote.RemoteTestNG.main(RemoteTestNG.java:77)
]]>
    </failure>
  </testcase> <!-- f -->
</testsuite> <!-- Default test -->
