<?xml version="1.0" encoding="UTF-8"?>
<testng-results ignored="5" total="6" passed="1" failed="0" skipped="0">
  <reporter-output>
  </reporter-output>
  <suite started-at="2023-02-23T15:41:45 IST" name="Default suite" finished-at="2023-02-23T15:41:52 IST" duration-ms="7284">
    <groups>
    </groups>
    <test started-at="2023-02-23T15:41:45 IST" name="Default test" finished-at="2023-02-23T15:41:52 IST" duration-ms="7284">
      <class name="rest1.Rest">
        <test-method signature="createuser()[pri:0, instance:rest1.Rest@4445629]" started-at="2023-02-23T15:41:45 IST" name="createuser" finished-at="2023-02-23T15:41:52 IST" duration-ms="7139" status="PASS">
          <reporter-output>
          </reporter-output>
        </test-method> <!-- createuser -->
      </class> <!-- rest1.Rest -->
    </test> <!-- Default test -->
  </suite> <!-- Default suite -->
</testng-results>
