<?xml version="1.0" encoding="UTF-8"?>
<testng-results ignored="3" total="4" passed="1" failed="0" skipped="0">
  <reporter-output>
  </reporter-output>
  <suite started-at="2023-01-19T16:00:33 IST" name="Default suite" finished-at="2023-01-19T16:00:38 IST" duration-ms="4873">
    <groups>
    </groups>
    <test started-at="2023-01-19T16:00:33 IST" name="Default test" finished-at="2023-01-19T16:00:38 IST" duration-ms="4873">
      <class name="rest1.Rest">
        <test-method signature="createuser()[pri:0, instance:rest1.Rest@56a6d5a6]" started-at="2023-01-19T16:00:33 IST" name="createuser" finished-at="2023-01-19T16:00:38 IST" duration-ms="4774" status="PASS">
          <reporter-output>
          </reporter-output>
        </test-method> <!-- createuser -->
      </class> <!-- rest1.Rest -->
    </test> <!-- Default test -->
  </suite> <!-- Default suite -->
</testng-results>
